This file contains any messages produced by compilers while
running configure, to aid debugging if configure makes a mistake.

It was created by GNU MP configure 6.1.2, which was
generated by GNU Autoconf 2.69.  Invocation command line was

  $ ./configure 

## --------- ##
## Platform. ##
## --------- ##

hostname = ubuntu
uname -m = x86_64
uname -r = 3.13.0-32-generic
uname -s = Linux
uname -v = #57-Ubuntu SMP Tue Jul 15 03:51:08 UTC 2014

/usr/bin/uname -p = unknown
/bin/uname -X     = unknown

/bin/arch              = unknown
/usr/bin/arch -k       = unknown
/usr/convex/getsysinfo = unknown
/usr/bin/hostinfo      = unknown
/bin/machine           = unknown
/usr/bin/oslevel       = unknown
/bin/universe          = unknown

PATH: /usr/local/sbin
PATH: /usr/local/bin
PATH: /usr/sbin
PATH: /usr/bin
PATH: /sbin
PATH: /bin
PATH: /usr/games
PATH: /usr/local/games


## ----------- ##
## Core tests. ##
## ----------- ##

configure:3055: checking build system type
configure:3069: result: haswell-pc-linux-gnu
configure:3089: checking host system type
configure:3102: result: haswell-pc-linux-gnu
configure:3139: checking for a BSD-compatible install
configure:3207: result: /usr/bin/install -c
configure:3218: checking whether build environment is sane
configure:3226: error: unsafe absolute working directory name

## ---------------- ##
## Cache variables. ##
## ---------------- ##

ac_cv_build=haswell-pc-linux-gnu
ac_cv_env_ABI_set=
ac_cv_env_ABI_value=
ac_cv_env_CCC_set=
ac_cv_env_CCC_value=
ac_cv_env_CC_FOR_BUILD_set=
ac_cv_env_CC_FOR_BUILD_value=
ac_cv_env_CC_set=
ac_cv_env_CC_value=
ac_cv_env_CFLAGS_set=
ac_cv_env_CFLAGS_value=
ac_cv_env_CPPFLAGS_set=
ac_cv_env_CPPFLAGS_value=
ac_cv_env_CPP_FOR_BUILD_set=
ac_cv_env_CPP_FOR_BUILD_value=
ac_cv_env_CPP_set=
ac_cv_env_CPP_value=
ac_cv_env_CXXCPP_set=
ac_cv_env_CXXCPP_value=
ac_cv_env_CXXFLAGS_set=
ac_cv_env_CXXFLAGS_value=
ac_cv_env_CXX_set=
ac_cv_env_CXX_value=
ac_cv_env_LDFLAGS_set=
ac_cv_env_LDFLAGS_value=
ac_cv_env_LIBS_set=
ac_cv_env_LIBS_value=
ac_cv_env_LT_SYS_LIBRARY_PATH_set=
ac_cv_env_LT_SYS_LIBRARY_PATH_value=
ac_cv_env_M4_set=
ac_cv_env_M4_value=
ac_cv_env_YACC_set=
ac_cv_env_YACC_value=
ac_cv_env_YFLAGS_set=
ac_cv_env_YFLAGS_value=
ac_cv_env_build_alias_set=
ac_cv_env_build_alias_value=
ac_cv_env_host_alias_set=
ac_cv_env_host_alias_value=
ac_cv_env_target_alias_set=
ac_cv_env_target_alias_value=
ac_cv_host=haswell-pc-linux-gnu
ac_cv_path_install='/usr/bin/install -c'

## ----------------- ##
## Output variables. ##
## ----------------- ##

ABI=''
ACLOCAL=''
AMTAR=''
AM_BACKSLASH=''
AM_DEFAULT_V=''
AM_DEFAULT_VERBOSITY=''
AM_V=''
AR=''
AS=''
ASMFLAGS=''
AUTOCONF=''
AUTOHEADER=''
AUTOMAKE=''
AWK=''
CALLING_CONVENTIONS_OBJS=''
CC=''
CCAS=''
CC_FOR_BUILD=''
CFLAGS=''
CPP=''
CPPFLAGS=''
CPP_FOR_BUILD=''
CXX=''
CXXCPP=''
CXXFLAGS=''
CYGPATH_W=''
DEFN_LONG_LONG_LIMB=''
DEFS=''
DLLTOOL=''
DSYMUTIL=''
DUMPBIN=''
ECHO_C=''
ECHO_N='-n'
ECHO_T=''
EGREP=''
ENABLE_STATIC_FALSE=''
ENABLE_STATIC_TRUE=''
EXEEXT=''
EXEEXT_FOR_BUILD=''
FGREP=''
GMP_LDFLAGS=''
GMP_LIMB_BITS=''
GMP_NAIL_BITS=''
GREP=''
HAVE_CLOCK_01=''
HAVE_CPUTIME_01=''
HAVE_GETRUSAGE_01=''
HAVE_GETTIMEOFDAY_01=''
HAVE_HOST_CPU_FAMILY_power=''
HAVE_HOST_CPU_FAMILY_powerpc=''
HAVE_SIGACTION_01=''
HAVE_SIGALTSTACK_01=''
HAVE_SIGSTACK_01=''
HAVE_STACK_T_01=''
HAVE_SYS_RESOURCE_H_01=''
INSTALL_DATA='${INSTALL} -m 644'
INSTALL_PROGRAM='${INSTALL}'
INSTALL_SCRIPT='${INSTALL}'
INSTALL_STRIP_PROGRAM=''
LD=''
LDFLAGS=''
LEX=''
LEXLIB=''
LEX_OUTPUT_ROOT=''
LIBCURSES=''
LIBGMPXX_LDFLAGS=''
LIBGMP_DLL=''
LIBGMP_LDFLAGS=''
LIBM=''
LIBM_FOR_BUILD=''
LIBOBJS=''
LIBREADLINE=''
LIBS=''
LIBTOOL=''
LIPO=''
LN_S=''
LTLIBOBJS=''
LT_SYS_LIBRARY_PATH=''
M4=''
MAINT=''
MAINTAINER_MODE_FALSE=''
MAINTAINER_MODE_TRUE=''
MAKEINFO=''
MANIFEST_TOOL=''
MKDIR_P=''
NM=''
NMEDIT=''
OBJDUMP=''
OBJEXT=''
OTOOL64=''
OTOOL=''
PACKAGE=''
PACKAGE_BUGREPORT='gmp-bugs@gmplib.org, see https://gmplib.org/manual/Reporting-Bugs.html'
PACKAGE_NAME='GNU MP'
PACKAGE_STRING='GNU MP 6.1.2'
PACKAGE_TARNAME='gmp'
PACKAGE_URL='http://www.gnu.org/software/gmp/'
PACKAGE_VERSION='6.1.2'
PATH_SEPARATOR=':'
RANLIB=''
SED=''
SET_MAKE=''
SHELL='/bin/bash'
SPEED_CYCLECOUNTER_OBJ=''
STRIP=''
TAL_OBJECT=''
TUNE_LIBS=''
TUNE_SQR_OBJ=''
U_FOR_BUILD=''
VERSION=''
WANT_CXX_FALSE=''
WANT_CXX_TRUE=''
WITH_READLINE_01=''
YACC=''
YFLAGS=''
ac_ct_AR=''
ac_ct_CC=''
ac_ct_CXX=''
ac_ct_DUMPBIN=''
am__EXEEXT_FALSE=''
am__EXEEXT_TRUE=''
am__isrc=''
am__leading_dot=''
am__tar=''
am__untar=''
bindir='${exec_prefix}/bin'
build='haswell-pc-linux-gnu'
build_alias=''
build_cpu='haswell'
build_os='linux-gnu'
build_vendor='pc'
datadir='${datarootdir}'
datarootdir='${prefix}/share'
docdir='${datarootdir}/doc/${PACKAGE_TARNAME}'
dvidir='${docdir}'
exec_prefix='NONE'
gmp_srclinks=''
host='haswell-pc-linux-gnu'
host_alias=''
host_cpu='haswell'
host_os='linux-gnu'
host_vendor='pc'
htmldir='${docdir}'
includedir='${prefix}/include'
infodir='${datarootdir}/info'
install_sh=''
libdir='${exec_prefix}/lib'
libexecdir='${exec_prefix}/libexec'
localedir='${datarootdir}/locale'
localstatedir='${prefix}/var'
mandir='${datarootdir}/man'
mkdir_p=''
mpn_objects=''
mpn_objs_in_libgmp=''
oldincludedir='/usr/include'
pdfdir='${docdir}'
prefix='NONE'
program_transform_name='s,x,x,'
psdir='${docdir}'
sbindir='${exec_prefix}/sbin'
sharedstatedir='${prefix}/com'
sysconfdir='${prefix}/etc'
target_alias=''

## ----------- ##
## confdefs.h. ##
## ----------- ##

/* confdefs.h */
#define PACKAGE_NAME "GNU MP"
#define PACKAGE_TARNAME "gmp"
#define PACKAGE_VERSION "6.1.2"
#define PACKAGE_STRING "GNU MP 6.1.2"
#define PACKAGE_BUGREPORT "gmp-bugs@gmplib.org, see https://gmplib.org/manual/Reporting-Bugs.html"
#define PACKAGE_URL "http://www.gnu.org/software/gmp/"

configure: exit 1
